<?xml version="1.0" encoding="UTF-8"?>
<!-- Generated by org.testng.reporters.JUnitXMLReporter -->
<testsuite ignored="1" hostname="DESKTOP-T7MUJ4G" failures="0" tests="1" name="Default test" time="10.535" errors="0" timestamp="2023-12-28T21:28:26 EST">
  <testcase classname="com.practice.test.OrangeHRMTests" name="myTest" time="6.806"/>
  <testcase classname="com.practice.test.OrangeHRMTests" name="LoginLogoutTest" time="0.0">
    <ignored/>
  </testcase> <!-- LoginLogoutTest -->
</testsuite> <!-- Default test -->
