<?xml version="1.0" encoding="UTF-8"?>
<!-- Generated by org.testng.reporters.JUnitXMLReporter -->
<testsuite ignored="1" hostname="DESKTOP-T7MUJ4G" failures="0" tests="4" name="Default test" time="13.239" errors="0" timestamp="2023-12-30T17:22:44 EST">
  <testcase classname="com.practice.test.OrangeHRMTests" name="LoginLogoutTest" time="4.009"/>
  <testcase classname="com.practice.test.OrangeHRMTests" name="LoginLogoutTest" time="3.884"/>
  <testcase classname="com.practice.test.OrangeHRMTests" name="LoginLogoutTest" time="4.03"/>
  <testcase classname="com.practice.test.OrangeHRMTests" name="LoginLogoutTest" time="3.594"/>
  <testcase classname="com.practice.test.OrangeHRMTests" name="myTest" time="0.0">
    <ignored/>
  </testcase> <!-- myTest -->
</testsuite> <!-- Default test -->
